<?xml version="1.0" encoding="UTF-8"?>
<testng-results ignored="0" total="2" passed="2" failed="0" skipped="0">
  <reporter-output>
  </reporter-output>
  <suite started-at="2021-09-26T19:05:04 EDT" name="Suite" finished-at="2021-09-26T19:07:04 EDT" duration-ms="120047">
    <groups>
    </groups>
    <test started-at="2021-09-26T19:05:04 EDT" name="ChromeTest" finished-at="2021-09-26T19:07:04 EDT" duration-ms="120047">
      <class name="testScripts.VerifyLogin">
        <test-method is-config="true" signature="initialise(java.lang.String)[pri:0, instance:testScripts.VerifyLogin@29a0cdb]" started-at="2021-09-26T19:05:35 EDT" name="initialise" finished-at="2021-09-26T19:06:22 EDT" duration-ms="46595" status="PASS">
          <params>
            <param index="0">
              <value>
                <![CDATA[chrome]]>
              </value>
            </param>
          </params>
          <reporter-output>
          </reporter-output>
        </test-method> <!-- initialise -->
        <test-method signature="verifyLogin(java.lang.String)[pri:0, instance:testScripts.VerifyLogin@29a0cdb]" started-at="2021-09-26T19:06:51 EDT" name="verifyLogin" description="Verifies login functionality" finished-at="2021-09-26T19:07:03 EDT" duration-ms="12172" status="PASS">
          <params>
            <param index="0">
              <value>
                <![CDATA[chrome]]>
              </value>
            </param>
          </params>
          <reporter-output>
          </reporter-output>
        </test-method> <!-- verifyLogin -->
        <test-method is-config="true" signature="closeBrowser()[pri:0, instance:testScripts.VerifyLogin@29a0cdb]" started-at="2021-09-26T19:07:03 EDT" name="closeBrowser" description="Closes your driver after each test" finished-at="2021-09-26T19:07:04 EDT" duration-ms="254" status="PASS">
          <reporter-output>
          </reporter-output>
        </test-method> <!-- closeBrowser -->
      </class> <!-- testScripts.VerifyLogin -->
      <class name="testScripts.VerifyFindARecipe">
        <test-method is-config="true" signature="initialise(java.lang.String)[pri:0, instance:testScripts.VerifyFindARecipe@335b5620]" started-at="2021-09-26T19:05:04 EDT" name="initialise" finished-at="2021-09-26T19:05:35 EDT" duration-ms="31315" status="PASS">
          <params>
            <param index="0">
              <value>
                <![CDATA[chrome]]>
              </value>
            </param>
          </params>
          <reporter-output>
          </reporter-output>
        </test-method> <!-- initialise -->
        <test-method signature="findARecipe(java.lang.String)[pri:0, instance:testScripts.VerifyFindARecipe@335b5620]" started-at="2021-09-26T19:06:22 EDT" name="findARecipe" description="Verifies search recipe functionality" finished-at="2021-09-26T19:06:51 EDT" duration-ms="29078" status="PASS">
          <params>
            <param index="0">
              <value>
                <![CDATA[chrome]]>
              </value>
            </param>
          </params>
          <reporter-output>
          </reporter-output>
        </test-method> <!-- findARecipe -->
        <test-method is-config="true" signature="closeBrowser()[pri:0, instance:testScripts.VerifyFindARecipe@335b5620]" started-at="2021-09-26T19:07:03 EDT" name="closeBrowser" description="Closes your driver after each test" finished-at="2021-09-26T19:07:03 EDT" duration-ms="557" status="PASS">
          <reporter-output>
          </reporter-output>
        </test-method> <!-- closeBrowser -->
      </class> <!-- testScripts.VerifyFindARecipe -->
    </test> <!-- ChromeTest -->
  </suite> <!-- Suite -->
</testng-results>
